================================================================================
Анализ данных - Результаты расчета
Метод: Нормальное распределение
Дата создания: 24.12.2025 18:02:42
================================================================================

Method:MLE_Normal
n=15
X
45.20000 , 48.70000 , 50.10000 , 52.30000 , 55.00000 , 58.20000 , 60.50000 , 62.10000 , 65.40000 , 68.90000 , 70.20000 , 72.50000 , 75.80000 , 80.10000 , 85.30000 , 
R
0 , 0 , 0 , 1 , 0 , 0 , 1 , 0 , 0 , 1 , 0 , 0 , 1 , 0 , 0 , 
a_hat=63.353333333333
sigma_hat=11.635168909627
Cov[a,s]:
9.025143703704 0.000000000000
0.000000000000 4.512571851852
P
0.005000000000 ; 0.010000000000 ; 0.025000000000 ; 0.050000000000 ; 0.100000000000 ; 0.200000000000 ; 0.300000000000 ; 0.500000000000 ; 0.700000000000 ; 0.800000000000 ; 0.900000000000 ; 0.950000000000 ; 0.975000000000 ; 0.990000000000 ; 0.995000000000 ; 
Xp_low
21.148329017266 ; 24.950589917807 ; 30.485790651032 ; 35.183410201962 ; 40.496047238966 ; 46.708907995490 ; 50.971862120971 ; 57.465125452140 ; 63.174839204277 ; 66.293718416589 ; 70.318185101984 ; 73.459709764348 ; 76.094814684851 ; 79.085490831842 ; 81.088747075583 ; 
Xp
33.383124304174 ; 36.285882876316 ; 40.548821316424 ; 44.215183552140 ; 48.442264401825 ; 53.560928122784 ; 57.251844791680 ; 63.353333333333 ; 69.454821874986 ; 73.145738543883 ; 78.264402264842 ; 82.491483114527 ; 86.157845350243 ; 90.420783790351 ; 93.323542362492 ; 
Xp_up
45.617919591083 ; 47.621175834825 ; 50.611851981816 ; 53.246956902318 ; 56.388481564683 ; 60.412948250078 ; 63.531827462389 ; 69.241541214527 ; 75.734804545696 ; 79.997758671177 ; 86.210619427700 ; 91.523256464705 ; 96.220876015635 ; 101.756076748860 ; 105.558337649401 ; 
